<?xml version="1.0" encoding="UTF-8"?>
<!-- Generated by org.testng.reporters.JUnitReportReporter -->
<testsuite hostname="DESKTOP-22" failures="0" tests="1" name="Demoforgithub.TestClass" time="5.053" errors="0" timestamp="2023-11-14T15:44:05 IST" skipped="0">
  <testcase classname="Demoforgithub.TestClass" name="verifyTitle" time="5.053"/>
  <system-out/>
</testsuite> <!-- Demoforgithub.TestClass -->
